This is pdfTeX, Version 3.14159265-2.6-1.40.18 (MiKTeX 2.9.6600) (preloaded format=latex 2018.3.2)  2 MAR 2018 16:02
entering extended mode
**./first.latex
(first.latex
LaTeX2e <2017-04-15>
Babel <3.18> and hyphenation patterns for 0 language(s) loaded.

("/Users/guoyufei/Library/Application Support/MiKTeX/texmfs/install/tex/latex/b
ase/article.cls"
Document Class: article 2014/09/29 v1.4h Standard LaTeX document class

("/Users/guoyufei/Library/Application Support/MiKTeX/texmfs/install/tex/latex/b
ase/size11.clo"
File: size11.clo 2014/09/29 v1.4h Standard LaTeX file (size option)
)
\c@part=\count79
\c@section=\count80
\c@subsection=\count81
\c@subsubsection=\count82
\c@paragraph=\count83
\c@subparagraph=\count84
\c@figure=\count85
\c@table=\count86
\abovecaptionskip=\skip41
\belowcaptionskip=\skip42
\bibindent=\dimen102
)
No file first.aux.
\openout1 = `first.aux'.

LaTeX Font Info:    Checking defaults for OML/cmm/m/it on input line 5.
LaTeX Font Info:    ... okay on input line 5.
LaTeX Font Info:    Checking defaults for T1/cmr/m/n on input line 5.
LaTeX Font Info:    ... okay on input line 5.
LaTeX Font Info:    Checking defaults for OT1/cmr/m/n on input line 5.
LaTeX Font Info:    ... okay on input line 5.
LaTeX Font Info:    Checking defaults for OMS/cmsy/m/n on input line 5.
LaTeX Font Info:    ... okay on input line 5.
LaTeX Font Info:    Checking defaults for OMX/cmex/m/n on input line 5.
LaTeX Font Info:    ... okay on input line 5.
LaTeX Font Info:    Checking defaults for U/cmr/m/n on input line 5.
LaTeX Font Info:    ... okay on input line 5.
LaTeX Font Info:    External font `cmex10' loaded for size
(Font)              <12> on input line 7.
LaTeX Font Info:    External font `cmex10' loaded for size
(Font)              <8> on input line 7.
LaTeX Font Info:    External font `cmex10' loaded for size
(Font)              <6> on input line 7.
No file first.toc.
\tf@toc=\write3
\openout3 = `first.toc'.

[1

] (first.aux) ) 
Here is how much of TeX's memory you used:
 230 strings out of 495224
 2642 string characters out of 3180078
 49039 words of memory out of 3000000
 3612 multiletter control sequences out of 15000+200000
 7580 words of font info for 27 fonts, out of 3000000 for 9000
 0 hyphenation exceptions out of 8191
 21i,6n,19p,129b,187s stack positions out of 5000i,500n,10000p,200000b,50000s

Output written on first.dvi (1 page, 616 bytes).
